[Tue Aug 07 00:28:57 2012] AUTH WWDB: password accepted user_id=gage login_type=normal credential_source=params host=::1 port=49422 UA=Mozilla/5.0 (Macintosh; Intel Mac OS X 10_7_4) AppleWebKit/537.1 (KHTML, like Gecko) Chrome/21.0.1180.57 Safari/537.1
[Tue Aug 07 00:28:57 2012] LOGIN OK user_id=gage login_type=normal credential_source=params host=::1 port=49422 UA=Mozilla/5.0 (Macintosh; Intel Mac OS X 10_7_4) AppleWebKit/537.1 (KHTML, like Gecko) Chrome/21.0.1180.57 Safari/537.1
[Tue Aug 07 08:54:04 2012] AUTH WWDB: password accepted user_id=gage login_type=normal credential_source=params host=::1 port=49888 UA=Mozilla/5.0 (Macintosh; Intel Mac OS X 10_7_4) AppleWebKit/537.1 (KHTML, like Gecko) Chrome/21.0.1180.57 Safari/537.1
[Tue Aug 07 08:54:04 2012] LOGIN OK user_id=gage login_type=normal credential_source=params host=::1 port=49888 UA=Mozilla/5.0 (Macintosh; Intel Mac OS X 10_7_4) AppleWebKit/537.1 (KHTML, like Gecko) Chrome/21.0.1180.57 Safari/537.1
[Tue Aug 07 14:57:11 2012] AUTH WWDB: password accepted user_id=gage login_type=normal credential_source=params host=::1 port=50883 UA=Mozilla/5.0 (Macintosh; Intel Mac OS X 10_7_4) AppleWebKit/537.1 (KHTML, like Gecko) Chrome/21.0.1180.57 Safari/537.1
[Tue Aug 07 14:57:11 2012] LOGIN OK user_id=gage login_type=normal credential_source=params host=::1 port=50883 UA=Mozilla/5.0 (Macintosh; Intel Mac OS X 10_7_4) AppleWebKit/537.1 (KHTML, like Gecko) Chrome/21.0.1180.57 Safari/537.1
[Tue Aug 07 17:58:40 2012] AUTH WWDB: password accepted user_id=gage login_type=normal credential_source=params host=::1 port=51299 UA=Mozilla/5.0 (Macintosh; Intel Mac OS X 10_7_4) AppleWebKit/537.1 (KHTML, like Gecko) Chrome/21.0.1180.57 Safari/537.1
[Tue Aug 07 17:58:40 2012] LOGIN OK user_id=gage login_type=normal credential_source=params host=::1 port=51299 UA=Mozilla/5.0 (Macintosh; Intel Mac OS X 10_7_4) AppleWebKit/537.1 (KHTML, like Gecko) Chrome/21.0.1180.57 Safari/537.1
[Tue Aug 07 18:53:31 2012] AUTH WWDB: password accepted user_id=gage login_type=normal credential_source=params host=::1 port=51625 UA=Mozilla/5.0 (Macintosh; Intel Mac OS X 10_7_4) AppleWebKit/537.1 (KHTML, like Gecko) Chrome/21.0.1180.57 Safari/537.1
[Tue Aug 07 18:53:31 2012] LOGIN OK user_id=gage login_type=normal credential_source=params host=::1 port=51625 UA=Mozilla/5.0 (Macintosh; Intel Mac OS X 10_7_4) AppleWebKit/537.1 (KHTML, like Gecko) Chrome/21.0.1180.57 Safari/537.1
[Tue Aug 07 22:31:19 2012] AUTH WWDB: password accepted user_id=gage login_type=normal credential_source=params host=::1 port=51672 UA=Mozilla/5.0 (Macintosh; Intel Mac OS X 10_7_4) AppleWebKit/537.1 (KHTML, like Gecko) Chrome/21.0.1180.57 Safari/537.1
[Tue Aug 07 22:31:19 2012] LOGIN OK user_id=gage login_type=normal credential_source=params host=::1 port=51672 UA=Mozilla/5.0 (Macintosh; Intel Mac OS X 10_7_4) AppleWebKit/537.1 (KHTML, like Gecko) Chrome/21.0.1180.57 Safari/537.1
[Wed Aug 08 08:39:49 2012] AUTH WWDB: password accepted user_id=gage login_type=normal credential_source=params host=::1 port=49253 UA=Mozilla/5.0 (Macintosh; Intel Mac OS X 10_7_4) AppleWebKit/537.1 (KHTML, like Gecko) Chrome/21.0.1180.57 Safari/537.1
[Wed Aug 08 08:39:49 2012] LOGIN OK user_id=gage login_type=normal credential_source=params host=::1 port=49253 UA=Mozilla/5.0 (Macintosh; Intel Mac OS X 10_7_4) AppleWebKit/537.1 (KHTML, like Gecko) Chrome/21.0.1180.57 Safari/537.1
[Wed Aug 08 10:14:08 2012] AUTH WWDB: password accepted user_id=gage login_type=normal credential_source=params host=::1 port=49579 UA=Mozilla/5.0 (Macintosh; Intel Mac OS X 10_7_4) AppleWebKit/537.1 (KHTML, like Gecko) Chrome/21.0.1180.57 Safari/537.1
[Wed Aug 08 10:14:08 2012] LOGIN OK user_id=gage login_type=normal credential_source=params host=::1 port=49579 UA=Mozilla/5.0 (Macintosh; Intel Mac OS X 10_7_4) AppleWebKit/537.1 (KHTML, like Gecko) Chrome/21.0.1180.57 Safari/537.1
[Wed Aug 08 11:42:31 2012] AUTH WWDB: password accepted user_id=gage login_type=normal credential_source=params host=::1 port=50172 UA=Mozilla/5.0 (Macintosh; Intel Mac OS X 10_7_4) AppleWebKit/537.1 (KHTML, like Gecko) Chrome/21.0.1180.57 Safari/537.1
[Wed Aug 08 11:42:31 2012] LOGIN OK user_id=gage login_type=normal credential_source=params host=::1 port=50172 UA=Mozilla/5.0 (Macintosh; Intel Mac OS X 10_7_4) AppleWebKit/537.1 (KHTML, like Gecko) Chrome/21.0.1180.57 Safari/537.1
[Wed Aug 08 21:12:13 2012] AUTH WWDB: password accepted user_id=gage login_type=normal credential_source=params host=::1 port=49363 UA=Mozilla/5.0 (Macintosh; Intel Mac OS X 10_7_4) AppleWebKit/537.1 (KHTML, like Gecko) Chrome/21.0.1180.75 Safari/537.1
[Wed Aug 08 21:12:13 2012] LOGIN OK user_id=gage login_type=normal credential_source=params host=::1 port=49363 UA=Mozilla/5.0 (Macintosh; Intel Mac OS X 10_7_4) AppleWebKit/537.1 (KHTML, like Gecko) Chrome/21.0.1180.75 Safari/537.1
[Wed Aug 08 22:51:39 2012] AUTH WWDB: password accepted user_id=gage login_type=normal credential_source=params host=::1 port=49631 UA=Mozilla/5.0 (Macintosh; Intel Mac OS X 10_7_4) AppleWebKit/537.1 (KHTML, like Gecko) Chrome/21.0.1180.75 Safari/537.1
[Wed Aug 08 22:51:39 2012] LOGIN OK user_id=gage login_type=normal credential_source=params host=::1 port=49631 UA=Mozilla/5.0 (Macintosh; Intel Mac OS X 10_7_4) AppleWebKit/537.1 (KHTML, like Gecko) Chrome/21.0.1180.75 Safari/537.1
[Wed Aug 22 20:14:13 2012] AUTH WWDB: password accepted user_id=gage login_type=normal credential_source=params host=127.0.0.1 port=51279 UA=Mozilla/5.0 (Macintosh; Intel Mac OS X 10_7_4) AppleWebKit/537.1 (KHTML, like Gecko) Chrome/21.0.1180.79 Safari/537.1
[Wed Aug 22 20:14:13 2012] LOGIN OK user_id=gage login_type=normal credential_source=params host=127.0.0.1 port=51279 UA=Mozilla/5.0 (Macintosh; Intel Mac OS X 10_7_4) AppleWebKit/537.1 (KHTML, like Gecko) Chrome/21.0.1180.79 Safari/537.1
[Wed Aug 22 23:38:02 2012] AUTH WWDB: password accepted user_id=gage login_type=normal credential_source=params host=::1 port=49638 UA=Mozilla/5.0 (Macintosh; Intel Mac OS X 10_7_4) AppleWebKit/537.1 (KHTML, like Gecko) Chrome/21.0.1180.82 Safari/537.1
[Wed Aug 22 23:38:02 2012] LOGIN OK user_id=gage login_type=normal credential_source=params host=::1 port=49638 UA=Mozilla/5.0 (Macintosh; Intel Mac OS X 10_7_4) AppleWebKit/537.1 (KHTML, like Gecko) Chrome/21.0.1180.82 Safari/537.1
[Wed Aug 29 18:48:19 2012] AUTH WWDB: password accepted user_id=gage login_type=normal credential_source=params host=::1 port=54988 UA=Mozilla/5.0 (Macintosh; Intel Mac OS X 10_7_4) AppleWebKit/537.1 (KHTML, like Gecko) Chrome/21.0.1180.82 Safari/537.1
[Wed Aug 29 18:48:19 2012] LOGIN OK user_id=gage login_type=normal credential_source=params host=::1 port=54988 UA=Mozilla/5.0 (Macintosh; Intel Mac OS X 10_7_4) AppleWebKit/537.1 (KHTML, like Gecko) Chrome/21.0.1180.82 Safari/537.1
[Thu Aug 30 14:36:00 2012] AUTH WWDB: password accepted user_id=gage login_type=normal credential_source=params host=::1 port=55788 UA=Mozilla/5.0 (Macintosh; Intel Mac OS X 10_7_4) AppleWebKit/537.1 (KHTML, like Gecko) Chrome/21.0.1180.82 Safari/537.1
[Thu Aug 30 14:36:00 2012] LOGIN OK user_id=gage login_type=normal credential_source=params host=::1 port=55788 UA=Mozilla/5.0 (Macintosh; Intel Mac OS X 10_7_4) AppleWebKit/537.1 (KHTML, like Gecko) Chrome/21.0.1180.82 Safari/537.1
[Wed Sep 05 11:43:52 2012] LOGIN FAILED user unknown user_id=jdoe login_type=normal credential_source=params host=::1 port=59391 UA=Mozilla/5.0 (Macintosh; Intel Mac OS X 10_7_4) AppleWebKit/537.1 (KHTML, like Gecko) Chrome/21.0.1180.82 Safari/537.1
[Wed Sep 05 11:43:55 2012] LOGIN FAILED user unknown user_id=jdoe login_type=normal credential_source=params host=::1 port=59391 UA=Mozilla/5.0 (Macintosh; Intel Mac OS X 10_7_4) AppleWebKit/537.1 (KHTML, like Gecko) Chrome/21.0.1180.82 Safari/537.1
[Wed Sep 05 11:43:56 2012] LOGIN FAILED user unknown user_id=jdoe login_type=normal credential_source=params host=::1 port=59391 UA=Mozilla/5.0 (Macintosh; Intel Mac OS X 10_7_4) AppleWebKit/537.1 (KHTML, like Gecko) Chrome/21.0.1180.82 Safari/537.1
[Wed Sep 05 11:44:04 2012] LOGIN FAILED user unknown user_id=jsmith login_type=normal credential_source=params host=::1 port=59392 UA=Mozilla/5.0 (Macintosh; Intel Mac OS X 10_7_4) AppleWebKit/537.1 (KHTML, like Gecko) Chrome/21.0.1180.82 Safari/537.1
[Wed Sep 05 11:44:11 2012] AUTH WWDB: password accepted user_id=profa login_type=normal credential_source=params host=::1 port=59393 UA=Mozilla/5.0 (Macintosh; Intel Mac OS X 10_7_4) AppleWebKit/537.1 (KHTML, like Gecko) Chrome/21.0.1180.82 Safari/537.1
[Wed Sep 05 11:44:11 2012] LOGIN OK user_id=profa login_type=normal credential_source=params host=::1 port=59393 UA=Mozilla/5.0 (Macintosh; Intel Mac OS X 10_7_4) AppleWebKit/537.1 (KHTML, like Gecko) Chrome/21.0.1180.82 Safari/537.1
[Wed Sep 05 12:00:50 2012] AUTH WWDB: password accepted user_id=gage login_type=normal credential_source=params host=::1 port=59913 UA=Mozilla/5.0 (Macintosh; Intel Mac OS X 10_7_4) AppleWebKit/537.1 (KHTML, like Gecko) Chrome/21.0.1180.89 Safari/537.1
[Wed Sep 05 12:00:50 2012] LOGIN OK user_id=gage login_type=normal credential_source=params host=::1 port=59913 UA=Mozilla/5.0 (Macintosh; Intel Mac OS X 10_7_4) AppleWebKit/537.1 (KHTML, like Gecko) Chrome/21.0.1180.89 Safari/537.1
[Fri Oct 12 22:20:29 2012] AUTH WWDB: password accepted user_id=gage login_type=normal credential_source=params host=::1 port=50332 UA=Mozilla/5.0 (Macintosh; Intel Mac OS X 10_8_2) AppleWebKit/537.4 (KHTML, like Gecko) Chrome/22.0.1229.94 Safari/537.4
[Fri Oct 12 22:20:29 2012] LOGIN OK user_id=gage login_type=normal credential_source=params host=::1 port=50332 UA=Mozilla/5.0 (Macintosh; Intel Mac OS X 10_8_2) AppleWebKit/537.4 (KHTML, like Gecko) Chrome/22.0.1229.94 Safari/537.4
[Sat Oct 13 08:14:09 2012] AUTH WWDB: password accepted user_id=gage login_type=normal credential_source=params host=::1 port=51352 UA=Mozilla/5.0 (Macintosh; Intel Mac OS X 10_8_2) AppleWebKit/537.4 (KHTML, like Gecko) Chrome/22.0.1229.94 Safari/537.4
[Sat Oct 13 08:14:09 2012] LOGIN OK user_id=gage login_type=normal credential_source=params host=::1 port=51352 UA=Mozilla/5.0 (Macintosh; Intel Mac OS X 10_8_2) AppleWebKit/537.4 (KHTML, like Gecko) Chrome/22.0.1229.94 Safari/537.4
[Sat Nov 03 11:12:44 2012] AUTH WWDB: password accepted user_id=gage login_type=normal credential_source=params host=::1 port=61121 UA=Mozilla/5.0 (Macintosh; Intel Mac OS X 10_8_2) AppleWebKit/537.4 (KHTML, like Gecko) Chrome/22.0.1229.94 Safari/537.4
[Sat Nov 03 11:12:44 2012] LOGIN OK user_id=gage login_type=normal credential_source=params host=::1 port=61121 UA=Mozilla/5.0 (Macintosh; Intel Mac OS X 10_8_2) AppleWebKit/537.4 (KHTML, like Gecko) Chrome/22.0.1229.94 Safari/537.4
[Sat Nov 03 21:57:34 2012] AUTH WWDB: password accepted user_id=gage login_type=normal credential_source=params host=127.0.0.1 port=62201 UA=Mozilla/5.0 (Macintosh; Intel Mac OS X 10_8_2) AppleWebKit/537.4 (KHTML, like Gecko) Chrome/22.0.1229.94 Safari/537.4
[Sat Nov 03 21:57:34 2012] LOGIN OK user_id=gage login_type=normal credential_source=params host=127.0.0.1 port=62201 UA=Mozilla/5.0 (Macintosh; Intel Mac OS X 10_8_2) AppleWebKit/537.4 (KHTML, like Gecko) Chrome/22.0.1229.94 Safari/537.4
[Mon Jan 14 21:18:13 2013] AUTH WWDB: password accepted user_id=gage login_type=normal credential_source=params host=::1 port=51111 UA=Mozilla/5.0 (Macintosh; Intel Mac OS X 10_8_2) AppleWebKit/537.17 (KHTML, like Gecko) Chrome/24.0.1312.52 Safari/537.17
[Mon Jan 14 21:18:13 2013] LOGIN OK user_id=gage login_type=normal credential_source=params host=::1 port=51111 UA=Mozilla/5.0 (Macintosh; Intel Mac OS X 10_8_2) AppleWebKit/537.17 (KHTML, like Gecko) Chrome/24.0.1312.52 Safari/537.17
[Tue Jan 15 00:38:27 2013] AUTH WWDB: password accepted user_id=gage login_type=normal credential_source=params host=::1 port=51814 UA=Mozilla/5.0 (Macintosh; Intel Mac OS X 10_8_2) AppleWebKit/537.17 (KHTML, like Gecko) Chrome/24.0.1312.52 Safari/537.17
[Tue Jan 15 00:38:27 2013] LOGIN OK user_id=gage login_type=normal credential_source=params host=::1 port=51814 UA=Mozilla/5.0 (Macintosh; Intel Mac OS X 10_8_2) AppleWebKit/537.17 (KHTML, like Gecko) Chrome/24.0.1312.52 Safari/537.17
[Tue Jan 15 12:11:13 2013] AUTH WWDB: password accepted user_id=gage login_type=normal credential_source=params host=::1 port=52299 UA=Mozilla/5.0 (Macintosh; Intel Mac OS X 10_8_2) AppleWebKit/537.17 (KHTML, like Gecko) Chrome/24.0.1312.52 Safari/537.17
[Tue Jan 15 12:11:13 2013] LOGIN OK user_id=gage login_type=normal credential_source=params host=::1 port=52299 UA=Mozilla/5.0 (Macintosh; Intel Mac OS X 10_8_2) AppleWebKit/537.17 (KHTML, like Gecko) Chrome/24.0.1312.52 Safari/537.17
[Tue Jan 15 13:54:08 2013] AUTH WWDB: password accepted user_id=gage login_type=normal credential_source=params host=::1 port=52355 UA=Mozilla/5.0 (Macintosh; Intel Mac OS X 10_8_2) AppleWebKit/537.17 (KHTML, like Gecko) Chrome/24.0.1312.52 Safari/537.17
[Tue Jan 15 13:54:08 2013] LOGIN OK user_id=gage login_type=normal credential_source=params host=::1 port=52355 UA=Mozilla/5.0 (Macintosh; Intel Mac OS X 10_8_2) AppleWebKit/537.17 (KHTML, like Gecko) Chrome/24.0.1312.52 Safari/537.17
[Tue Jan 15 13:54:14 2013] AUTH WWDB: password accepted user_id=gage login_type=normal credential_source=params host=::1 port=52355 UA=Mozilla/5.0 (Macintosh; Intel Mac OS X 10_8_2) AppleWebKit/537.17 (KHTML, like Gecko) Chrome/24.0.1312.52 Safari/537.17
[Tue Jan 15 13:54:14 2013] LOGIN OK user_id=gage login_type=normal credential_source=params host=::1 port=52355 UA=Mozilla/5.0 (Macintosh; Intel Mac OS X 10_8_2) AppleWebKit/537.17 (KHTML, like Gecko) Chrome/24.0.1312.52 Safari/537.17
[Tue Jan 15 13:55:27 2013] AUTH WWDB: password rejected user_id=practice1 login_type=normal credential_source=params host=::1 port=52382 UA=Mozilla/5.0 (Macintosh; Intel Mac OS X 10_8_2) AppleWebKit/537.17 (KHTML, like Gecko) Chrome/24.0.1312.52 Safari/537.17
[Tue Jan 15 13:55:27 2013] LOGIN FAILED authentication failed user_id=practice1 login_type=normal credential_source=params host=::1 port=52382 UA=Mozilla/5.0 (Macintosh; Intel Mac OS X 10_8_2) AppleWebKit/537.17 (KHTML, like Gecko) Chrome/24.0.1312.52 Safari/537.17
[Tue Jan 15 13:55:38 2013] AUTH WWDB: password accepted user_id=gage login_type=normal credential_source=params host=::1 port=52383 UA=Mozilla/5.0 (Macintosh; Intel Mac OS X 10_8_2) AppleWebKit/537.17 (KHTML, like Gecko) Chrome/24.0.1312.52 Safari/537.17
[Tue Jan 15 13:55:38 2013] LOGIN OK user_id=gage login_type=normal credential_source=params host=::1 port=52383 UA=Mozilla/5.0 (Macintosh; Intel Mac OS X 10_8_2) AppleWebKit/537.17 (KHTML, like Gecko) Chrome/24.0.1312.52 Safari/537.17
[Tue Jan 15 13:56:23 2013] AUTH WWDB: password rejected user_id=practice1 login_type=normal credential_source=params host=::1 port=52410 UA=Mozilla/5.0 (Macintosh; Intel Mac OS X 10_8_2) AppleWebKit/537.17 (KHTML, like Gecko) Chrome/24.0.1312.52 Safari/537.17
[Tue Jan 15 13:56:23 2013] LOGIN FAILED authentication failed user_id=practice1 login_type=normal credential_source=params host=::1 port=52410 UA=Mozilla/5.0 (Macintosh; Intel Mac OS X 10_8_2) AppleWebKit/537.17 (KHTML, like Gecko) Chrome/24.0.1312.52 Safari/537.17
[Tue Jan 15 13:56:30 2013] AUTH WWDB: password accepted user_id=gage login_type=normal credential_source=params host=::1 port=52411 UA=Mozilla/5.0 (Macintosh; Intel Mac OS X 10_8_2) AppleWebKit/537.17 (KHTML, like Gecko) Chrome/24.0.1312.52 Safari/537.17
[Tue Jan 15 13:56:30 2013] LOGIN OK user_id=gage login_type=normal credential_source=params host=::1 port=52411 UA=Mozilla/5.0 (Macintosh; Intel Mac OS X 10_8_2) AppleWebKit/537.17 (KHTML, like Gecko) Chrome/24.0.1312.52 Safari/537.17
[Tue Jan 15 13:57:42 2013] AUTH WWDB: password accepted user_id=practice1 login_type=normal credential_source=params host=::1 port=52445 UA=Mozilla/5.0 (Macintosh; Intel Mac OS X 10_8_2) AppleWebKit/537.17 (KHTML, like Gecko) Chrome/24.0.1312.52 Safari/537.17
[Tue Jan 15 13:57:42 2013] LOGIN OK user_id=practice1 login_type=normal credential_source=params host=::1 port=52445 UA=Mozilla/5.0 (Macintosh; Intel Mac OS X 10_8_2) AppleWebKit/537.17 (KHTML, like Gecko) Chrome/24.0.1312.52 Safari/537.17
[Tue Jan 15 13:58:55 2013] AUTH WWDB: password accepted user_id=gage login_type=normal credential_source=params host=::1 port=52477 UA=Mozilla/5.0 (Macintosh; Intel Mac OS X 10_8_2) AppleWebKit/536.26.17 (KHTML, like Gecko) Version/6.0.2 Safari/536.26.17
[Tue Jan 15 13:58:55 2013] LOGIN OK user_id=gage login_type=normal credential_source=params host=::1 port=52477 UA=Mozilla/5.0 (Macintosh; Intel Mac OS X 10_8_2) AppleWebKit/536.26.17 (KHTML, like Gecko) Version/6.0.2 Safari/536.26.17
[Tue Jan 15 14:37:56 2013] AUTH WWDB: password rejected user_id=practice2 login_type=normal credential_source=params host=::1 port=52721 UA=Mozilla/5.0 (Macintosh; Intel Mac OS X 10_8_2) AppleWebKit/537.17 (KHTML, like Gecko) Chrome/24.0.1312.52 Safari/537.17
[Tue Jan 15 14:37:56 2013] LOGIN FAILED authentication failed user_id=practice2 login_type=normal credential_source=params host=::1 port=52721 UA=Mozilla/5.0 (Macintosh; Intel Mac OS X 10_8_2) AppleWebKit/537.17 (KHTML, like Gecko) Chrome/24.0.1312.52 Safari/537.17
[Tue Jan 15 14:38:04 2013] AUTH WWDB: password rejected user_id=practice2 login_type=normal credential_source=params host=::1 port=52722 UA=Mozilla/5.0 (Macintosh; Intel Mac OS X 10_8_2) AppleWebKit/537.17 (KHTML, like Gecko) Chrome/24.0.1312.52 Safari/537.17
[Tue Jan 15 14:38:04 2013] LOGIN FAILED authentication failed user_id=practice2 login_type=normal credential_source=params host=::1 port=52722 UA=Mozilla/5.0 (Macintosh; Intel Mac OS X 10_8_2) AppleWebKit/537.17 (KHTML, like Gecko) Chrome/24.0.1312.52 Safari/537.17
[Tue Jan 15 14:38:12 2013] AUTH WWDB: password rejected user_id=practice1 login_type=normal credential_source=params host=::1 port=52724 UA=Mozilla/5.0 (Macintosh; Intel Mac OS X 10_8_2) AppleWebKit/537.17 (KHTML, like Gecko) Chrome/24.0.1312.52 Safari/537.17
[Tue Jan 15 14:38:12 2013] LOGIN FAILED authentication failed user_id=practice1 login_type=normal credential_source=params host=::1 port=52724 UA=Mozilla/5.0 (Macintosh; Intel Mac OS X 10_8_2) AppleWebKit/537.17 (KHTML, like Gecko) Chrome/24.0.1312.52 Safari/537.17
[Tue Jan 15 14:38:16 2013] AUTH WWDB: password accepted user_id=gage login_type=normal credential_source=params host=::1 port=52724 UA=Mozilla/5.0 (Macintosh; Intel Mac OS X 10_8_2) AppleWebKit/537.17 (KHTML, like Gecko) Chrome/24.0.1312.52 Safari/537.17
[Tue Jan 15 14:38:16 2013] LOGIN OK user_id=gage login_type=normal credential_source=params host=::1 port=52724 UA=Mozilla/5.0 (Macintosh; Intel Mac OS X 10_8_2) AppleWebKit/537.17 (KHTML, like Gecko) Chrome/24.0.1312.52 Safari/537.17
[Tue Jan 15 14:39:27 2013] AUTH WWDB: password accepted user_id=practice2 login_type=normal credential_source=params host=::1 port=52748 UA=Mozilla/5.0 (Macintosh; Intel Mac OS X 10_8_2) AppleWebKit/537.17 (KHTML, like Gecko) Chrome/24.0.1312.52 Safari/537.17
[Tue Jan 15 14:39:27 2013] LOGIN OK user_id=practice2 login_type=normal credential_source=params host=::1 port=52748 UA=Mozilla/5.0 (Macintosh; Intel Mac OS X 10_8_2) AppleWebKit/537.17 (KHTML, like Gecko) Chrome/24.0.1312.52 Safari/537.17
[Tue Jan 15 14:56:02 2013] AUTH WWDB: password accepted user_id=practice5 login_type=normal credential_source=params host=::1 port=52781 UA=Mozilla/5.0 (Macintosh; Intel Mac OS X 10_8_2) AppleWebKit/537.17 (KHTML, like Gecko) Chrome/24.0.1312.52 Safari/537.17
[Tue Jan 15 14:56:02 2013] LOGIN OK user_id=practice5 login_type=normal credential_source=params host=::1 port=52781 UA=Mozilla/5.0 (Macintosh; Intel Mac OS X 10_8_2) AppleWebKit/537.17 (KHTML, like Gecko) Chrome/24.0.1312.52 Safari/537.17
[Tue Jan 15 14:56:23 2013] AUTH WWDB: password accepted user_id=gage login_type=normal credential_source=params host=::1 port=52793 UA=Mozilla/5.0 (Macintosh; Intel Mac OS X 10_8_2) AppleWebKit/537.17 (KHTML, like Gecko) Chrome/24.0.1312.52 Safari/537.17
[Tue Jan 15 14:56:23 2013] LOGIN OK user_id=gage login_type=normal credential_source=params host=::1 port=52793 UA=Mozilla/5.0 (Macintosh; Intel Mac OS X 10_8_2) AppleWebKit/537.17 (KHTML, like Gecko) Chrome/24.0.1312.52 Safari/537.17
[Tue Jan 15 14:57:39 2013] AUTH WWDB: password accepted user_id=practice1 login_type=normal credential_source=params host=::1 port=52811 UA=Mozilla/5.0 (Macintosh; Intel Mac OS X 10_8_2) AppleWebKit/537.17 (KHTML, like Gecko) Chrome/24.0.1312.52 Safari/537.17
[Tue Jan 15 14:57:40 2013] LOGIN OK user_id=practice1 login_type=normal credential_source=params host=::1 port=52811 UA=Mozilla/5.0 (Macintosh; Intel Mac OS X 10_8_2) AppleWebKit/537.17 (KHTML, like Gecko) Chrome/24.0.1312.52 Safari/537.17
[Wed Jan 16 21:38:23 2013] AUTH WWDB: password accepted user_id=gage login_type=normal credential_source=params host=::1 port=54873 UA=Mozilla/5.0 (Macintosh; Intel Mac OS X 10_8_2) AppleWebKit/537.17 (KHTML, like Gecko) Chrome/24.0.1312.52 Safari/537.17
[Wed Jan 16 21:38:23 2013] LOGIN OK user_id=gage login_type=normal credential_source=params host=::1 port=54873 UA=Mozilla/5.0 (Macintosh; Intel Mac OS X 10_8_2) AppleWebKit/537.17 (KHTML, like Gecko) Chrome/24.0.1312.52 Safari/537.17
[Wed Jan 16 23:02:19 2013] AUTH WWDB: password accepted user_id=gage login_type=normal credential_source=params host=::1 port=54988 UA=Mozilla/5.0 (Macintosh; Intel Mac OS X 10_8_2) AppleWebKit/537.17 (KHTML, like Gecko) Chrome/24.0.1312.52 Safari/537.17
[Wed Jan 16 23:02:19 2013] LOGIN OK user_id=gage login_type=normal credential_source=params host=::1 port=54988 UA=Mozilla/5.0 (Macintosh; Intel Mac OS X 10_8_2) AppleWebKit/537.17 (KHTML, like Gecko) Chrome/24.0.1312.52 Safari/537.17
[Wed Jan 16 23:09:36 2013] AUTH WWDB: password accepted user_id=gage login_type=normal credential_source=params host=::1 port=55017 UA=Mozilla/5.0 (Macintosh; Intel Mac OS X 10_8_2) AppleWebKit/537.17 (KHTML, like Gecko) Chrome/24.0.1312.52 Safari/537.17
[Wed Jan 16 23:09:36 2013] LOGIN OK user_id=gage login_type=normal credential_source=params host=::1 port=55017 UA=Mozilla/5.0 (Macintosh; Intel Mac OS X 10_8_2) AppleWebKit/537.17 (KHTML, like Gecko) Chrome/24.0.1312.52 Safari/537.17
[Wed Jan 16 23:20:32 2013] AUTH WWDB: password accepted user_id=practice1 login_type=normal credential_source=params host=::1 port=55089 UA=Mozilla/5.0 (Macintosh; Intel Mac OS X 10_8_2) AppleWebKit/537.17 (KHTML, like Gecko) Chrome/24.0.1312.52 Safari/537.17
[Wed Jan 16 23:20:32 2013] LOGIN OK user_id=practice1 login_type=normal credential_source=params host=::1 port=55089 UA=Mozilla/5.0 (Macintosh; Intel Mac OS X 10_8_2) AppleWebKit/537.17 (KHTML, like Gecko) Chrome/24.0.1312.52 Safari/537.17
[Wed Jan 16 23:21:16 2013] AUTH WWDB: password accepted user_id=gage login_type=normal credential_source=params host=::1 port=55093 UA=Mozilla/5.0 (Macintosh; Intel Mac OS X 10_8_2) AppleWebKit/537.17 (KHTML, like Gecko) Chrome/24.0.1312.52 Safari/537.17
[Wed Jan 16 23:21:16 2013] LOGIN OK user_id=gage login_type=normal credential_source=params host=::1 port=55093 UA=Mozilla/5.0 (Macintosh; Intel Mac OS X 10_8_2) AppleWebKit/537.17 (KHTML, like Gecko) Chrome/24.0.1312.52 Safari/537.17
[Fri Feb 01 17:55:17 2013] AUTH WWDB: password accepted user_id=gage login_type=normal credential_source=params host=::1 port=49946 UA=Mozilla/5.0 (Macintosh; Intel Mac OS X 10_8_2) AppleWebKit/537.17 (KHTML, like Gecko) Chrome/24.0.1312.57 Safari/537.17
[Fri Feb 01 17:55:17 2013] LOGIN OK user_id=gage login_type=normal credential_source=params host=::1 port=49946 UA=Mozilla/5.0 (Macintosh; Intel Mac OS X 10_8_2) AppleWebKit/537.17 (KHTML, like Gecko) Chrome/24.0.1312.57 Safari/537.17
