This is pdfTeX, Version 3.1415926-1.40.11 (TeX Live 2010) (format=pdflatex 2011.3.4)  7 AUG 2012 02:19
entering extended mode
 \write18 enabled.
 %&-line parsing enabled.
**hardcopy
(./hardcopy.tex
LaTeX2e <2009/09/24>
Babel <v3.8l> and hyphenation patterns for english, dumylang, nohyphenation, uk
english, usenglishmax, loaded.


(/Volumes/WW_test/opt/local/texlive/2010/texmf-dist/tex/latex/amscls/amsart.cls
Document Class: amsart 2009/07/02 v2.20.1
\linespacing=\dimen102
\normalparindent=\dimen103
\normaltopskip=\skip41

(/Volumes/WW_test/opt/local/texlive/2010/texmf-dist/tex/latex/amsmath/amsmath.s
ty
Package: amsmath 2000/07/18 v2.13 AMS math features
\@mathmargin=\skip42
For additional information on amsmath, use the `?' option.

(/Volumes/WW_test/opt/local/texlive/2010/texmf-dist/tex/latex/amsmath/amstext.s
ty
Package: amstext 2000/06/29 v2.01

(/Volumes/WW_test/opt/local/texlive/2010/texmf-dist/tex/latex/amsmath/amsgen.st
y
File: amsgen.sty 1999/11/30 v2.0
\@emptytoks=\toks14
\ex@=\dimen104
))
(/Volumes/WW_test/opt/local/texlive/2010/texmf-dist/tex/latex/amsmath/amsbsy.st
y
Package: amsbsy 1999/11/29 v1.2d
\pmbraise@=\dimen105
)
(/Volumes/WW_test/opt/local/texlive/2010/texmf-dist/tex/latex/amsmath/amsopn.st
y
Package: amsopn 1999/12/14 v2.01 operator names
)
\inf@bad=\count79
LaTeX Info: Redefining \frac on input line 211.
\uproot@=\count80
\leftroot@=\count81
LaTeX Info: Redefining \overline on input line 307.
\classnum@=\count82
\DOTSCASE@=\count83
LaTeX Info: Redefining \ldots on input line 379.
LaTeX Info: Redefining \dots on input line 382.
LaTeX Info: Redefining \cdots on input line 467.
\Mathstrutbox@=\box26
\strutbox@=\box27
\big@size=\dimen106
LaTeX Font Info:    Redeclaring font encoding OML on input line 567.
LaTeX Font Info:    Redeclaring font encoding OMS on input line 568.
\macc@depth=\count84
\c@MaxMatrixCols=\count85
\dotsspace@=\muskip10
\c@parentequation=\count86
\dspbrk@lvl=\count87
\tag@help=\toks15
\row@=\count88
\column@=\count89
\maxfields@=\count90
\andhelp@=\toks16
\eqnshift@=\dimen107
\alignsep@=\dimen108
\tagshift@=\dimen109
\tagwidth@=\dimen110
\totwidth@=\dimen111
\lineht@=\dimen112
\@envbody=\toks17
\multlinegap=\skip43
\multlinetaggap=\skip44
\mathdisplay@stack=\toks18
LaTeX Info: Redefining \[ on input line 2666.
LaTeX Info: Redefining \] on input line 2667.
)
LaTeX Font Info:    Try loading font information for U+msa on input line 388.
(/Volumes/WW_test/opt/local/texlive/2010/texmf-dist/tex/latex/amsfonts/umsa.fd
File: umsa.fd 2009/06/22 v3.00 AMS symbols A
)
(/Volumes/WW_test/opt/local/texlive/2010/texmf-dist/tex/latex/amsfonts/amsfonts
.sty
Package: amsfonts 2009/06/22 v3.00 Basic AMSFonts support
\symAMSa=\mathgroup4
\symAMSb=\mathgroup5
LaTeX Font Info:    Overwriting math alphabet `\mathfrak' in version `bold'
(Font)                  U/euf/m/n --> U/euf/b/n on input line 96.
)
\copyins=\insert233
\abstractbox=\box28
\listisep=\skip45
\c@part=\count91
\c@section=\count92
\c@subsection=\count93
\c@subsubsection=\count94
\c@paragraph=\count95
\c@subparagraph=\count96
\c@figure=\count97
\c@table=\count98
\abovecaptionskip=\skip46
\belowcaptionskip=\skip47
\captionindent=\dimen113
\thm@style=\toks19
\thm@bodyfont=\toks20
\thm@headfont=\toks21
\thm@notefont=\toks22
\thm@headpunct=\toks23
\thm@preskip=\skip48
\thm@postskip=\skip49
\thm@headsep=\skip50
\dth@everypar=\toks24
)
(/Volumes/WW_test/opt/local/texlive/2010/texmf-dist/tex/latex/amsfonts/amssymb.
sty
Package: amssymb 2009/06/22 v3.00
)
(/Volumes/WW_test/opt/local/texlive/2010/texmf-dist/tex/latex/tools/multicol.st
y
Package: multicol 2008/12/05 v1.6h multicolumn formatting (FMi)
\c@tracingmulticols=\count99
\mult@box=\box29
\multicol@leftmargin=\dimen114
\c@unbalance=\count100
\c@collectmore=\count101
\doublecol@number=\count102
\multicoltolerance=\count103
\multicolpretolerance=\count104
\full@width=\dimen115
\page@free=\dimen116
\premulticols=\dimen117
\postmulticols=\dimen118
\multicolsep=\skip51
\multicolbaselineskip=\skip52
\partial@page=\box30
\last@line=\box31
\mult@rightbox=\box32
\mult@grightbox=\box33
\mult@gfirstbox=\box34
\mult@firstbox=\box35
\@tempa=\box36
\@tempa=\box37
\@tempa=\box38
\@tempa=\box39
\@tempa=\box40
\@tempa=\box41
\@tempa=\box42
\@tempa=\box43
\@tempa=\box44
\@tempa=\box45
\@tempa=\box46
\@tempa=\box47
\@tempa=\box48
\@tempa=\box49
\@tempa=\box50
\@tempa=\box51
\@tempa=\box52
\c@columnbadness=\count105
\c@finalcolumnbadness=\count106
\last@try=\dimen119
\multicolovershoot=\dimen120
\multicolundershoot=\dimen121
\mult@nat@firstbox=\box53
\colbreak@box=\box54
)
(/Volumes/WW_test/opt/local/texlive/2010/texmf-dist/tex/latex/graphics/graphicx
.sty
Package: graphicx 1999/02/16 v1.0f Enhanced LaTeX Graphics (DPC,SPQR)

(/Volumes/WW_test/opt/local/texlive/2010/texmf-dist/tex/latex/graphics/keyval.s
ty
Package: keyval 1999/03/16 v1.13 key=value parser (DPC)
\KV@toks@=\toks25
)
(/Volumes/WW_test/opt/local/texlive/2010/texmf-dist/tex/latex/graphics/graphics
.sty
Package: graphics 2009/02/05 v1.0o Standard LaTeX Graphics (DPC,SPQR)

(/Volumes/WW_test/opt/local/texlive/2010/texmf-dist/tex/latex/graphics/trig.sty
Package: trig 1999/03/16 v1.09 sin cos tan (DPC)
)
(/Volumes/WW_test/opt/local/texlive/2010/texmf-dist/tex/latex/latexconfig/graph
ics.cfg
File: graphics.cfg 2010/04/23 v1.9 graphics configuration of TeX Live
)
Package graphics Info: Driver file: pdftex.def on input line 91.

(/Volumes/WW_test/opt/local/texlive/2010/texmf-dist/tex/latex/pdftex-def/pdftex
.def
File: pdftex.def 2011/01/28 v0.05d Graphics/color for pdfTeX
\Gread@gobject=\count107
))
\Gin@req@height=\dimen122
\Gin@req@width=\dimen123
)
(/Volumes/WW_test/opt/local/texlive/2010/texmf-dist/tex/latex/oberdiek/epstopdf
.sty
Package: epstopdf 2010/02/09 v2.5 Conversion with epstopdf on the fly (HO)

(/Volumes/WW_test/opt/local/texlive/2010/texmf-dist/tex/latex/oberdiek/epstopdf
-base.sty
Package: epstopdf-base 2010/02/09 v2.5 Base part for package epstopdf

(/Volumes/WW_test/opt/local/texlive/2010/texmf-dist/tex/generic/oberdiek/infwar
err.sty
Package: infwarerr 2010/04/08 v1.3 Providing info/warning/message (HO)
)
(/Volumes/WW_test/opt/local/texlive/2010/texmf-dist/tex/latex/oberdiek/grfext.s
ty
Package: grfext 2007/09/30 v1.0 Managing graphics extensions (HO)
)
(/Volumes/WW_test/opt/local/texlive/2010/texmf-dist/tex/latex/oberdiek/kvoption
s.sty
Package: kvoptions 2010/02/22 v3.7 Keyval support for LaTeX options (HO)

(/Volumes/WW_test/opt/local/texlive/2010/texmf-dist/tex/generic/oberdiek/kvsetk
eys.sty
Package: kvsetkeys 2010/03/01 v1.9 Key value parser (HO)

(/Volumes/WW_test/opt/local/texlive/2010/texmf-dist/tex/generic/oberdiek/etexcm
ds.sty
Package: etexcmds 2010/01/28 v1.3 Prefix for e-TeX command names (HO)
Package etexcmds Info: Could not find \expanded.
(etexcmds)             That can mean that you are not using pdfTeX 1.50 or
(etexcmds)             that some package has redefined \expanded.
(etexcmds)             In the latter case, load this package earlier.
)))
(/Volumes/WW_test/opt/local/texlive/2010/texmf-dist/tex/generic/oberdiek/pdftex
cmds.sty
Package: pdftexcmds 2010/04/01 v0.9 Utility functions of pdfTeX for LuaTeX (HO)


(/Volumes/WW_test/opt/local/texlive/2010/texmf-dist/tex/generic/oberdiek/ifluat
ex.sty
Package: ifluatex 2010/03/01 v1.3 Provides the ifluatex switch (HO)
Package ifluatex Info: LuaTeX not detected.
)
(/Volumes/WW_test/opt/local/texlive/2010/texmf-dist/tex/generic/oberdiek/ltxcmd
s.sty
Package: ltxcmds 2010/04/26 v1.7 LaTeX kernel commands for general use (HO)
)
Package pdftexcmds Info: LuaTeX not detected.
Package pdftexcmds Info: \pdf@primitive is available.
Package pdftexcmds Info: \pdf@ifprimitive is available.
)
Package grfext Info: Graphics extension search list:
(grfext)             [.png,.pdf,.jpg,.mps,.jpeg,.jbig2,.jb2,.PNG,.PDF,.JPG,.JPE
G,.JBIG2,.JB2,.eps]
(grfext)             \AppendGraphicsExtensions on input line 436.

(/Volumes/WW_test/opt/local/texlive/2010/texmf-dist/tex/latex/latexconfig/epsto
pdf-sys.cfg
File: epstopdf-sys.cfg 2010/07/13 v1.3 Configuration of (r)epstopdf for TeX Liv
e
))) (/Volumes/WW_test/opt/local/texlive/2010/texmf-dist/tex/generic/epsf/epsf.s
ty
This is `epsf.tex' v2.7.4 <14 February 2011>
\epsffilein=\read1
\epsfframemargin=\dimen124
\epsfframethickness=\dimen125
\epsfrsize=\dimen126
\epsftmp=\dimen127
\epsftsize=\dimen128
\epsfxsize=\dimen129
\epsfysize=\dimen130
\pspoints=\dimen131
)
(/Volumes/WW_test/opt/local/texlive/2010/texmf-dist/tex/latex/graphics/epsfig.s
ty
Package: epsfig 1999/02/16 v1.7a (e)psfig emulation (SPQR)
\epsfxsize=\dimen132
\epsfysize=\dimen133
)
(/Volumes/WW_test/opt/local/texlive/2010/texmf-dist/tex/latex/pslatex/pslatex.s
ty
Package: pslatex 1996/07/24 v1.2 pslatex emulation (DPC)
LaTeX Font Info:    Redeclaring symbol font `operators' on input line 65.
LaTeX Font Info:    Overwriting symbol font `operators' in version `normal'
(Font)                  OT1/cmr/m/n --> OT1/ptmcm/m/n on input line 65.
LaTeX Font Info:    Overwriting symbol font `operators' in version `bold'
(Font)                  OT1/cmr/bx/n --> OT1/ptmcm/m/n on input line 65.
LaTeX Font Info:    Redeclaring symbol font `letters' on input line 66.
LaTeX Font Info:    Overwriting symbol font `letters' in version `normal'
(Font)                  OML/cmm/m/it --> OML/ptmcm/m/it on input line 66.
LaTeX Font Info:    Overwriting symbol font `letters' in version `bold'
(Font)                  OML/cmm/b/it --> OML/ptmcm/m/it on input line 66.
LaTeX Font Info:    Redeclaring symbol font `symbols' on input line 67.
LaTeX Font Info:    Overwriting symbol font `symbols' in version `normal'
(Font)                  OMS/cmsy/m/n --> OMS/pzccm/m/n on input line 67.
LaTeX Font Info:    Overwriting symbol font `symbols' in version `bold'
(Font)                  OMS/cmsy/b/n --> OMS/pzccm/m/n on input line 67.
LaTeX Font Info:    Redeclaring symbol font `largesymbols' on input line 68.
LaTeX Font Info:    Overwriting symbol font `largesymbols' in version `normal'
(Font)                  OMX/cmex/m/n --> OMX/psycm/m/n on input line 68.
LaTeX Font Info:    Overwriting symbol font `largesymbols' in version `bold'
(Font)                  OMX/cmex/m/n --> OMX/psycm/m/n on input line 68.
\symbold=\mathgroup6
\symitalic=\mathgroup7
LaTeX Font Info:    Redeclaring math alphabet \mathbf on input line 74.
LaTeX Font Info:    Overwriting math alphabet `\mathbf' in version `normal'
(Font)                  OT1/cmr/bx/n --> OT1/ptm/bx/n on input line 74.
LaTeX Font Info:    Overwriting math alphabet `\mathbf' in version `bold'
(Font)                  OT1/cmr/bx/n --> OT1/ptm/bx/n on input line 74.
LaTeX Font Info:    Redeclaring math alphabet \mathit on input line 75.
LaTeX Font Info:    Overwriting math alphabet `\mathit' in version `normal'
(Font)                  OT1/cmr/m/it --> OT1/ptm/m/it on input line 75.
LaTeX Font Info:    Overwriting math alphabet `\mathit' in version `bold'
(Font)                  OT1/cmr/bx/it --> OT1/ptm/m/it on input line 75.
)
No file hardcopy.aux.
\openout1 = `hardcopy.aux'.

LaTeX Font Info:    Checking defaults for OML/cmm/m/it on input line 56.
LaTeX Font Info:    ... okay on input line 56.
LaTeX Font Info:    Checking defaults for T1/cmr/m/n on input line 56.
LaTeX Font Info:    ... okay on input line 56.
LaTeX Font Info:    Checking defaults for OT1/cmr/m/n on input line 56.
LaTeX Font Info:    ... okay on input line 56.
LaTeX Font Info:    Checking defaults for OMS/pzccm/m/n on input line 56.
LaTeX Font Info:    Try loading font information for OMS+pzccm on input line 56
.

(/Volumes/WW_test/opt/local/texlive/2010/texmf-dist/tex/latex/psnfss/omspzccm.f
d
File: omspzccm.fd 2000/01/03 Fontinst v1.801 font definitions for OMS/pzccm.
)
LaTeX Font Info:    ... okay on input line 56.
LaTeX Font Info:    Checking defaults for OMX/cmex/m/n on input line 56.
LaTeX Font Info:    ... okay on input line 56.
LaTeX Font Info:    Checking defaults for U/cmr/m/n on input line 56.
LaTeX Font Info:    ... okay on input line 56.
LaTeX Font Info:    Try loading font information for OT1+ptmcm on input line 56
.

(/Volumes/WW_test/opt/local/texlive/2010/texmf-dist/tex/latex/psnfss/ot1ptmcm.f
d
File: ot1ptmcm.fd 2000/01/03 Fontinst v1.801 font definitions for OT1/ptmcm.
)
LaTeX Font Info:    Try loading font information for OML+ptmcm on input line 56
.

(/Volumes/WW_test/opt/local/texlive/2010/texmf-dist/tex/latex/psnfss/omlptmcm.f
d
File: omlptmcm.fd 2000/01/03 Fontinst v1.801 font definitions for OML/ptmcm.
)
LaTeX Font Info:    Try loading font information for OMX+psycm on input line 56
.

(/Volumes/WW_test/opt/local/texlive/2010/texmf-dist/tex/latex/psnfss/omxpsycm.f
d
File: omxpsycm.fd 2000/01/03 Fontinst v1.801 font definitions for OMX/psycm.
)
LaTeX Font Info:    Try loading font information for U+msa on input line 56.
(/Volumes/WW_test/opt/local/texlive/2010/texmf-dist/tex/latex/amsfonts/umsa.fd
File: umsa.fd 2009/06/22 v3.00 AMS symbols A
)
LaTeX Font Info:    Try loading font information for U+msb on input line 56.
(/Volumes/WW_test/opt/local/texlive/2010/texmf-dist/tex/latex/amsfonts/umsb.fd
File: umsb.fd 2009/06/22 v3.00 AMS symbols B
)
LaTeX Font Info:    Font shape `OT1/ptm/bx/n' in size <8> not available
(Font)              Font shape `OT1/ptm/b/n' tried instead on input line 56.
LaTeX Font Info:    Font shape `OT1/ptm/bx/n' in size <6> not available
(Font)              Font shape `OT1/ptm/b/n' tried instead on input line 56.
LaTeX Font Info:    Font shape `OT1/ptm/bx/n' in size <5> not available
(Font)              Font shape `OT1/ptm/b/n' tried instead on input line 56.

(/Volumes/WW_test/opt/local/texlive/2010/texmf-dist/tex/context/base/supp-pdf.m
kii
[Loading MPS to PDF converter (version 2006.09.02).]
\scratchcounter=\count108
\scratchdimen=\dimen134
\scratchbox=\box55
\nofMPsegments=\count109
\nofMParguments=\count110
\everyMPshowfont=\toks26
\MPscratchCnt=\count111
\MPscratchDim=\dimen135
\MPnumerator=\count112
\everyMPtoPDFconversion=\toks27
)
LaTeX Font Info:    Font shape `OT1/ptm/bx/n' in size <10.95> not available
(Font)              Font shape `OT1/ptm/b/n' tried instead on input line 65.
LaTeX Font Info:    Font shape `OT1/ptm/bx/n' in size <10> not available
(Font)              Font shape `OT1/ptm/b/n' tried instead on input line 102.

</Volumes/WW_test/opt/webwork/courses/gage_test/html/tmp/images/14d95a9e-f484-3
f4b-9c07-55615f08780f___76db5f5a-d18a-301e-be67-af9269dc1a5b.png, id=1, 250.937
5pt x 250.9375pt>
File: /Volumes/WW_test/opt/webwork/courses/gage_test/html/tmp/images/14d95a9e-f
484-3f4b-9c07-55615f08780f___76db5f5a-d18a-301e-be67-af9269dc1a5b.png Graphic f
ile (type png)

<use /Volumes/WW_test/opt/webwork/courses/gage_test/html/tmp/images/14d95a9e-f4
84-3f4b-9c07-55615f08780f___76db5f5a-d18a-301e-be67-af9269dc1a5b.png>
! Missing $ inserted.
<inserted text> 
                $
l.109 /Volumes/WW_
                  test/opt/webwork/courses/gage_test/html/tmp/images/14d95a9...
I've inserted a begin-math/end-math symbol since I think
you left one out. Proceed, with fingers crossed.

LaTeX Font Info:    Font shape `OT1/ptm/bx/n' in size <7.4> not available
(Font)              Font shape `OT1/ptm/b/n' tried instead on input line 109.
! Missing { inserted.
<to be read again> 
                   _
l.109 ...es/14d95a9e-f484-3f4b-9c07-55615f08780f__
                                                  _76db5f5a-d18a-301e-be67-a...
A left brace was mandatory here, so I've put one in.
You might want to delete and/or insert some corrections
so that I will find a matching right brace soon.
(If you're confused by all this, try typing `I}' now.)

! Missing { inserted.
<to be read again> 
                   _
l.109 ...s/14d95a9e-f484-3f4b-9c07-55615f08780f___
                                                  76db5f5a-d18a-301e-be67-af...
A left brace was mandatory here, so I've put one in.
You might want to delete and/or insert some corrections
so that I will find a matching right brace soon.
(If you're confused by all this, try typing `I}' now.)

! Missing $ inserted.
<inserted text> 
                $
l.109 ...5f5a-d18a-301e-be67-af9269dc1a5b.png \par
                                                  
I've inserted a begin-math/end-math symbol since I think
you left one out. Proceed, with fingers crossed.

! Missing } inserted.
<inserted text> 
                }
l.109 ...5f5a-d18a-301e-be67-af9269dc1a5b.png \par
                                                  
I've inserted something that you may have forgotten.
(See the <inserted text> above.)
With luck, this will get me unwedged. But if you
really didn't forget anything, try typing `2' now; then
my insertion and my current dilemma will both disappear.

! Missing } inserted.
<inserted text> 
                }
l.109 ...5f5a-d18a-301e-be67-af9269dc1a5b.png \par
                                                  
I've inserted something that you may have forgotten.
(See the <inserted text> above.)
With luck, this will get me unwedged. But if you
really didn't forget anything, try typing `2' now; then
my insertion and my current dilemma will both disappear.


Overfull \hbox (98.04106pt too wide) in paragraph at lines 109--109
[]\OT1/ptm/m/n/10 /Volumes/WW$[]\OML/ptmcm/m/it/10 est=opt=webwork=courses=gage
[]est=html=tmp=images=\OT1/ptmcm/m/n/10 14\OML/ptmcm/m/it/10 d\OT1/ptmcm/m/n/10
 95\OML/ptmcm/m/it/10 a\OT1/ptmcm/m/n/10 9\OML/ptmcm/m/it/10 e \OMS/pzccm/m/n/1
0 ^^@
 []


Overfull \hbox (23.3051pt too wide) in paragraph at lines 109--109
\OML/ptmcm/m/it/10 f\OT1/ptmcm/m/n/10 484 \OMS/pzccm/m/n/10 ^^@ \OT1/ptmcm/m/n/
10 3\OML/ptmcm/m/it/10 f\OT1/ptmcm/m/n/10 4\OML/ptmcm/m/it/10 b \OMS/pzccm/m/n/
10 ^^@ \OT1/ptmcm/m/n/10 9\OML/ptmcm/m/it/10 c\OT1/ptmcm/m/n/10 07 \OMS/pzccm/m
/n/10 ^^@ \OT1/ptmcm/m/n/10 55615\OML/ptmcm/m/it/10 f\OT1/ptmcm/m/n/10 08780\OM
L/ptmcm/m/it/10 f[]$ 
 []

! Missing $ inserted.
<inserted text> 
                $
l.113 /Volumes/WW_
                  test/opt/webwork/courses/gage_test/html/tmp/images/14d95a9...
I've inserted a begin-math/end-math symbol since I think
you left one out. Proceed, with fingers crossed.

! Missing { inserted.
<to be read again> 
                   _
l.113 ...es/14d95a9e-f484-3f4b-9c07-55615f08780f__
                                                  _76db5f5a-d18a-301e-be67-a...
A left brace was mandatory here, so I've put one in.
You might want to delete and/or insert some corrections
so that I will find a matching right brace soon.
(If you're confused by all this, try typing `I}' now.)

! Missing { inserted.
<to be read again> 
                   _
l.113 ...s/14d95a9e-f484-3f4b-9c07-55615f08780f___
                                                  76db5f5a-d18a-301e-be67-af...
A left brace was mandatory here, so I've put one in.
You might want to delete and/or insert some corrections
so that I will find a matching right brace soon.
(If you're confused by all this, try typing `I}' now.)

! Missing $ inserted.
<inserted text> 
                $
l.114 \par
          
I've inserted a begin-math/end-math symbol since I think
you left one out. Proceed, with fingers crossed.

! Missing } inserted.
<inserted text> 
                }
l.114 \par
          
I've inserted something that you may have forgotten.
(See the <inserted text> above.)
With luck, this will get me unwedged. But if you
really didn't forget anything, try typing `2' now; then
my insertion and my current dilemma will both disappear.

! Missing } inserted.
<inserted text> 
                }
l.114 \par
          
I've inserted something that you may have forgotten.
(See the <inserted text> above.)
With luck, this will get me unwedged. But if you
really didn't forget anything, try typing `2' now; then
my insertion and my current dilemma will both disappear.


Overfull \hbox (98.04106pt too wide) in paragraph at lines 113--114
[]\OT1/ptm/m/n/10 /Volumes/WW$[]\OML/ptmcm/m/it/10 est=opt=webwork=courses=gage
[]est=html=tmp=images=\OT1/ptmcm/m/n/10 14\OML/ptmcm/m/it/10 d\OT1/ptmcm/m/n/10
 95\OML/ptmcm/m/it/10 a\OT1/ptmcm/m/n/10 9\OML/ptmcm/m/it/10 e \OMS/pzccm/m/n/1
0 ^^@
 []


Overfull \hbox (23.3051pt too wide) in paragraph at lines 113--114
\OML/ptmcm/m/it/10 f\OT1/ptmcm/m/n/10 484 \OMS/pzccm/m/n/10 ^^@ \OT1/ptmcm/m/n/
10 3\OML/ptmcm/m/it/10 f\OT1/ptmcm/m/n/10 4\OML/ptmcm/m/it/10 b \OMS/pzccm/m/n/
10 ^^@ \OT1/ptmcm/m/n/10 9\OML/ptmcm/m/it/10 c\OT1/ptmcm/m/n/10 07 \OMS/pzccm/m
/n/10 ^^@ \OT1/ptmcm/m/n/10 55615\OML/ptmcm/m/it/10 f\OT1/ptmcm/m/n/10 08780\OM
L/ptmcm/m/it/10 f[]$ 
 []

! You can't use `macro parameter character #' in horizontal mode.
l.116 ...rder = "2" cellpadding = "3" BGCOLOR = "#
                                                  FFFFFF"><tr><TD> prob14</T...
Sorry, but I'm not programmed to handle this case;
I'll just pretend that you didn't ask for it.
If you're in the wrong mode, you might be able to
return to the right one by typing `I}' or `I$' or `I\par'.

! Misplaced alignment tab character &.
l.116 ...OR = "#FFFFFF"><tr><TD> prob14</TD><TD>=&
                                                  gt;</td><td>&nbsp;PGresour...
I can't figure out why you would want to use a tab mark
here. If you just want an ampersand, the remedy is
simple: Just type `I\&' now. But if some right brace
up above has ended a previous alignment prematurely,
you're probably due for more error messages, and you
might try typing `S' now just to see what is salvageable.

! Misplaced alignment tab character &.
l.116 ..."><tr><TD> prob14</TD><TD>=&gt;</td><td>&
                                                  nbsp;PGresource=HASH(0x108...
I can't figure out why you would want to use a tab mark
here. If you just want an ampersand, the remedy is
simple: Just type `I\&' now. But if some right brace
up above has ended a previous alignment prematurely,
you're probably due for more error messages, and you
might try typing `S' now just to see what is salvageable.

! You can't use `macro parameter character #' in horizontal mode.
l.116 ...rder = "2" cellpadding = "3" BGCOLOR = "#
                                                  FFFFFF"><tr><TD> DEBUG_mes...
Sorry, but I'm not programmed to handle this case;
I'll just pretend that you didn't ask for it.
If you're in the wrong mode, you might be able to
return to the right one by typing `I}' or `I$' or `I\par'.

! Missing $ inserted.
<inserted text> 
                $
l.116 ...= "3" BGCOLOR = "#FFFFFF"><tr><TD> DEBUG_
                                                  messages</TD><TD>=&gt;</td...
I've inserted a begin-math/end-math symbol since I think
you left one out. Proceed, with fingers crossed.

! Misplaced alignment tab character &.
l.116 ...FFFFF"><tr><TD> DEBUG_messages</TD><TD>=&
                                                  gt;</td><td>&nbsp;(  )</td...
I can't figure out why you would want to use a tab mark
here. If you just want an ampersand, the remedy is
simple: Just type `I\&' now. But if some right brace
up above has ended a previous alignment prematurely,
you're probably due for more error messages, and you
might try typing `S' now just to see what is salvageable.

! Misplaced alignment tab character &.
l.116 ...D> DEBUG_messages</TD><TD>=&gt;</td><td>&
                                                  nbsp;(  )</td></tr><tr><TD...
I can't figure out why you would want to use a tab mark
here. If you just want an ampersand, the remedy is
simple: Just type `I\&' now. But if some right brace
up above has ended a previous alignment prematurely,
you're probably due for more error messages, and you
might try typing `S' now just to see what is salvageable.

! Misplaced alignment tab character &.
l.116 ...</tr><tr><TD> WARNING_messages</TD><TD>=&
                                                  gt;</td><td>&nbsp;(  )</td...
I can't figure out why you would want to use a tab mark
here. If you just want an ampersand, the remedy is
simple: Just type `I\&' now. But if some right brace
up above has ended a previous alignment prematurely,
you're probably due for more error messages, and you
might try typing `S' now just to see what is salvageable.

! Misplaced alignment tab character &.
l.116 ... WARNING_messages</TD><TD>=&gt;</td><td>&
                                                  nbsp;(  )</td></tr><tr><TD...
I can't figure out why you would want to use a tab mark
here. If you just want an ampersand, the remedy is
simple: Just type `I\&' now. But if some right brace
up above has ended a previous alignment prematurely,
you're probably due for more error messages, and you
might try typing `S' now just to see what is salvageable.

! Misplaced alignment tab character &.
l.116 ...)</td></tr><tr><TD> cache_info</TD><TD>=&
                                                  gt;</td><td>&nbsp;HASH(0x1...
I can't figure out why you would want to use a tab mark
here. If you just want an ampersand, the remedy is
simple: Just type `I\&' now. But if some right brace
up above has ended a previous alignment prematurely,
you're probably due for more error messages, and you
might try typing `S' now just to see what is salvageable.

! Misplaced alignment tab character &.
l.116 ...r><TD> cache_info</TD><TD>=&gt;</td><td>&
                                                  nbsp;HASH(0x108b53638) <TA...
I can't figure out why you would want to use a tab mark
here. If you just want an ampersand, the remedy is
simple: Just type `I\&' now. But if some right brace
up above has ended a previous alignment prematurely,
you're probably due for more error messages, and you
might try typing `S' now just to see what is salvageable.

! You can't use `macro parameter character #' in math mode.
l.116 ...rder = "2" cellpadding = "3" BGCOLOR = "#
                                                  FFFFFF"></table></td></tr>...
Sorry, but I'm not programmed to handle this case;
I'll just pretend that you didn't ask for it.
If you're in the wrong mode, you might be able to
return to the right one by typing `I}' or `I$' or `I\par'.

! Misplaced alignment tab character &.
l.116 ...ble></td></tr><tr><TD> convert</TD><TD>=&
                                                  gt;</td><td>&nbsp;HASH(0x1...
I can't figure out why you would want to use a tab mark
here. If you just want an ampersand, the remedy is
simple: Just type `I\&' now. But if some right brace
up above has ended a previous alignment prematurely,
you're probably due for more error messages, and you
might try typing `S' now just to see what is salvageable.

! Misplaced alignment tab character &.
l.116 ...><tr><TD> convert</TD><TD>=&gt;</td><td>&
                                                  nbsp;HASH(0x108b53518) <TA...
I can't figure out why you would want to use a tab mark
here. If you just want an ampersand, the remedy is
simple: Just type `I\&' now. But if some right brace
up above has ended a previous alignment prematurely,
you're probably due for more error messages, and you
might try typing `S' now just to see what is salvageable.

! You can't use `macro parameter character #' in math mode.
l.116 ...rder = "2" cellpadding = "3" BGCOLOR = "#
                                                  FFFFFF"><tr><TD> from_path...
Sorry, but I'm not programmed to handle this case;
I'll just pretend that you didn't ask for it.
If you're in the wrong mode, you might be able to
return to the right one by typing `I}' or `I$' or `I\par'.

! Misplaced alignment tab character &.
l.116 ...= "#FFFFFF"><tr><TD> from_path</TD><TD>=&
                                                  gt;</td><td>&nbsp;/Volumes...
I can't figure out why you would want to use a tab mark
here. If you just want an ampersand, the remedy is
simple: Just type `I\&' now. But if some right brace
up above has ended a previous alignment prematurely,
you're probably due for more error messages, and you
might try typing `S' now just to see what is salvageable.

! Misplaced alignment tab character &.
l.116 ...tr><TD> from_path</TD><TD>=&gt;</td><td>&
                                                  nbsp;/Volumes/WW_test/opt/...
I can't figure out why you would want to use a tab mark
here. If you just want an ampersand, the remedy is
simple: Just type `I\&' now. But if some right brace
up above has ended a previous alignment prematurely,
you're probably due for more error messages, and you
might try typing `S' now just to see what is salvageable.

! Misplaced alignment tab character &.
l.116 ...if</td></tr><tr><TD> from_type</TD><TD>=&
                                                  gt;</td><td>&nbsp;gif</td>...
I can't figure out why you would want to use a tab mark
here. If you just want an ampersand, the remedy is
simple: Just type `I\&' now. But if some right brace
up above has ended a previous alignment prematurely,
you're probably due for more error messages, and you
might try typing `S' now just to see what is salvageable.

! Misplaced alignment tab character &.
l.116 ...tr><TD> from_type</TD><TD>=&gt;</td><td>&
                                                  nbsp;gif</td></tr><tr><TD>...
I can't figure out why you would want to use a tab mark
here. If you just want an ampersand, the remedy is
simple: Just type `I\&' now. But if some right brace
up above has ended a previous alignment prematurely,
you're probably due for more error messages, and you
might try typing `S' now just to see what is salvageable.

! Misplaced alignment tab character &.
l.116 ...p;gif</td></tr><tr><TD> needed</TD><TD>=&
                                                  gt;</td><td>&nbsp;1</td></...
I can't figure out why you would want to use a tab mark
here. If you just want an ampersand, the remedy is
simple: Just type `I\&' now. But if some right brace
up above has ended a previous alignment prematurely,
you're probably due for more error messages, and you
might try typing `S' now just to see what is salvageable.

! Misplaced alignment tab character &.
l.116 ...r><tr><TD> needed</TD><TD>=&gt;</td><td>&
                                                  nbsp;1</td></tr><tr><TD> t...
I can't figure out why you would want to use a tab mark
here. If you just want an ampersand, the remedy is
simple: Just type `I\&' now. But if some right brace
up above has ended a previous alignment prematurely,
you're probably due for more error messages, and you
might try typing `S' now just to see what is salvageable.

! Misplaced alignment tab character &.
l.116 ...sp;1</td></tr><tr><TD> to_path</TD><TD>=&
                                                  gt;</td><td>&nbsp;/Volumes...
I can't figure out why you would want to use a tab mark
here. If you just want an ampersand, the remedy is
simple: Just type `I\&' now. But if some right brace
up above has ended a previous alignment prematurely,
you're probably due for more error messages, and you
might try typing `S' now just to see what is salvageable.

! Misplaced alignment tab character &.
l.116 ...><tr><TD> to_path</TD><TD>=&gt;</td><td>&
                                                  nbsp;/Volumes/WW_test/opt/...
I can't figure out why you would want to use a tab mark
here. If you just want an ampersand, the remedy is
simple: Just type `I\&' now. But if some right brace
up above has ended a previous alignment prematurely,
you're probably due for more error messages, and you
might try typing `S' now just to see what is salvageable.

! Missing { inserted.
<to be read again> 
                   _
l.116 ...es/14d95a9e-f484-3f4b-9c07-55615f08780f__
                                                  _76db5f5a-d18a-301e-be67-a...
A left brace was mandatory here, so I've put one in.
You might want to delete and/or insert some corrections
so that I will find a matching right brace soon.
(If you're confused by all this, try typing `I}' now.)

! Missing { inserted.
<to be read again> 
                   _
l.116 ...s/14d95a9e-f484-3f4b-9c07-55615f08780f___
                                                  76db5f5a-d18a-301e-be67-af...
A left brace was mandatory here, so I've put one in.
You might want to delete and/or insert some corrections
so that I will find a matching right brace soon.
(If you're confused by all this, try typing `I}' now.)

! Misplaced alignment tab character &.
l.116 ....png</td></tr><tr><TD> to_type</TD><TD>=&
                                                  gt;</td><td>&nbsp;png</td>...
I can't figure out why you would want to use a tab mark
here. If you just want an ampersand, the remedy is
simple: Just type `I\&' now. But if some right brace
up above has ended a previous alignment prematurely,
you're probably due for more error messages, and you
might try typing `S' now just to see what is salvageable.

! Misplaced alignment tab character &.
l.116 ...><tr><TD> to_type</TD><TD>=&gt;</td><td>&
                                                  nbsp;png</td></tr></table>...
I can't figure out why you would want to use a tab mark
here. If you just want an ampersand, the remedy is
simple: Just type `I\&' now. But if some right brace
up above has ended a previous alignment prematurely,
you're probably due for more error messages, and you
might try typing `S' now just to see what is salvageable.

! Misplaced alignment tab character &.
l.116 ...e></td></tr><tr><TD> copy_link</TD><TD>=&
                                                  gt;</td><td>&nbsp;HASH(0x1...
I can't figure out why you would want to use a tab mark
here. If you just want an ampersand, the remedy is
simple: Just type `I\&' now. But if some right brace
up above has ended a previous alignment prematurely,
you're probably due for more error messages, and you
might try typing `S' now just to see what is salvageable.

! Misplaced alignment tab character &.
l.116 ...tr><TD> copy_link</TD><TD>=&gt;</td><td>&
                                                  nbsp;HASH(0x108b535c0) <TA...
I can't figure out why you would want to use a tab mark
here. If you just want an ampersand, the remedy is
simple: Just type `I\&' now. But if some right brace
up above has ended a previous alignment prematurely,
you're probably due for more error messages, and you
might try typing `S' now just to see what is salvageable.

! You can't use `macro parameter character #' in math mode.
l.116 ...rder = "2" cellpadding = "3" BGCOLOR = "#
                                                  FFFFFF"><tr><TD> copy_to_p...
Sorry, but I'm not programmed to handle this case;
I'll just pretend that you didn't ask for it.
If you're in the wrong mode, you might be able to
return to the right one by typing `I}' or `I$' or `I\par'.

! Misplaced alignment tab character &.
l.116 ...#FFFFFF"><tr><TD> copy_to_path</TD><TD>=&
                                                  gt;</td><td>&nbsp;</td></t...
I can't figure out why you would want to use a tab mark
here. If you just want an ampersand, the remedy is
simple: Just type `I\&' now. But if some right brace
up above has ended a previous alignment prematurely,
you're probably due for more error messages, and you
might try typing `S' now just to see what is salvageable.

! Misplaced alignment tab character &.
l.116 ...<TD> copy_to_path</TD><TD>=&gt;</td><td>&
                                                  nbsp;</td></tr><tr><TD> li...
I can't figure out why you would want to use a tab mark
here. If you just want an ampersand, the remedy is
simple: Just type `I\&' now. But if some right brace
up above has ended a previous alignment prematurely,
you're probably due for more error messages, and you
might try typing `S' now just to see what is salvageable.

! Misplaced alignment tab character &.
l.116 .../td></tr><tr><TD> link_to_path</TD><TD>=&
                                                  gt;</td><td>&nbsp;</td></t...
I can't figure out why you would want to use a tab mark
here. If you just want an ampersand, the remedy is
simple: Just type `I\&' now. But if some right brace
up above has ended a previous alignment prematurely,
you're probably due for more error messages, and you
might try typing `S' now just to see what is salvageable.

! Misplaced alignment tab character &.
l.116 ...<TD> link_to_path</TD><TD>=&gt;</td><td>&
                                                  nbsp;</td></tr><tr><TD> ty...
I can't figure out why you would want to use a tab mark
here. If you just want an ampersand, the remedy is
simple: Just type `I\&' now. But if some right brace
up above has ended a previous alignment prematurely,
you're probably due for more error messages, and you
might try typing `S' now just to see what is salvageable.

! Misplaced alignment tab character &.
l.116 ...>&nbsp;</td></tr><tr><TD> type</TD><TD>=&
                                                  gt;</td><td>&nbsp;</td></t...
I can't figure out why you would want to use a tab mark
here. If you just want an ampersand, the remedy is
simple: Just type `I\&' now. But if some right brace
up above has ended a previous alignment prematurely,
you're probably due for more error messages, and you
might try typing `S' now just to see what is salvageable.

! Misplaced alignment tab character &.
l.116 .../tr><tr><TD> type</TD><TD>=&gt;</td><td>&
                                                  nbsp;</td></tr></table></t...
I can't figure out why you would want to use a tab mark
here. If you just want an ampersand, the remedy is
simple: Just type `I\&' now. But if some right brace
up above has ended a previous alignment prematurely,
you're probably due for more error messages, and you
might try typing `S' now just to see what is salvageable.

! Misplaced alignment tab character &.
l.116 ...></table></td></tr><tr><TD> id</TD><TD>=&
                                                  gt;</td><td>&nbsp;prob14</...
I can't figure out why you would want to use a tab mark
here. If you just want an ampersand, the remedy is
simple: Just type `I\&' now. But if some right brace
up above has ended a previous alignment prematurely,
you're probably due for more error messages, and you
might try typing `S' now just to see what is salvageable.

! Misplaced alignment tab character &.
l.116 ...></tr><tr><TD> id</TD><TD>=&gt;</td><td>&
                                                  nbsp;prob14</td></tr><tr><...
I can't figure out why you would want to use a tab mark
here. If you just want an ampersand, the remedy is
simple: Just type `I\&' now. But if some right brace
up above has ended a previous alignment prematurely,
you're probably due for more error messages, and you
might try typing `S' now just to see what is salvageable.

! Misplaced alignment tab character &.
l.116 .../td></tr><tr><TD> parent_alias</TD><TD>=&
                                                  gt;</td><td>&nbsp;PGalias ...
I can't figure out why you would want to use a tab mark
here. If you just want an ampersand, the remedy is
simple: Just type `I\&' now. But if some right brace
up above has ended a previous alignment prematurely,
you're probably due for more error messages, and you
might try typing `S' now just to see what is salvageable.

! Misplaced alignment tab character &.
l.116 ...<TD> parent_alias</TD><TD>=&gt;</td><td>&
                                                  nbsp;PGalias has too much ...
I can't figure out why you would want to use a tab mark
here. If you just want an ampersand, the remedy is
simple: Just type `I\&' now. But if some right brace
up above has ended a previous alignment prematurely,
you're probably due for more error messages, and you
might try typing `S' now just to see what is salvageable.

! Missing } inserted.
<inserted text> 
                }
l.116 ...td>&nbsp;PGalias has too much info. Try $
                                                  PG->{PG_alias}->{resource_...
I've inserted something that you may have forgotten.
(See the <inserted text> above.)
With luck, this will get me unwedged. But if you
really didn't forget anything, try typing `2' now; then
my insertion and my current dilemma will both disappear.

! Missing } inserted.
<inserted text> 
                }
l.116 ...td>&nbsp;PGalias has too much info. Try $
                                                  PG->{PG_alias}->{resource_...
I've inserted something that you may have forgotten.
(See the <inserted text> above.)
With luck, this will get me unwedged. But if you
really didn't forget anything, try typing `2' now; then
my insertion and my current dilemma will both disappear.

! Missing $ inserted.
<inserted text> 
                $
l.116 ...;PGalias has too much info. Try $PG->{PG_
                                                  alias}->{resource_list}</t...
I've inserted a begin-math/end-math symbol since I think
you left one out. Proceed, with fingers crossed.

! Extra }, or forgotten $.
l.116 ...as has too much info. Try $PG->{PG_alias}
                                                  ->{resource_list}</td></tr...
I've deleted a group-closing symbol because it seems to be
spurious, as in `$x}$'. But perhaps the } is legitimate and
you forgot something else, as in `\hbox{$x}'. In such cases
the way to recover is to insert both the forgotten and the
deleted material, e.g., by typing `I$}'.

! Misplaced alignment tab character &.
l.116 ...d></tr><tr><TD> parent_file_id</TD><TD>=&
                                                  gt;</td><td>&nbsp;local/se...
I can't figure out why you would want to use a tab mark
here. If you just want an ampersand, the remedy is
simple: Just type `I\&' now. But if some right brace
up above has ended a previous alignment prematurely,
you're probably due for more error messages, and you
might try typing `S' now just to see what is salvageable.

! Misplaced alignment tab character &.
l.116 ...D> parent_file_id</TD><TD>=&gt;</td><td>&
                                                  nbsp;local/setaliasCheck/h...
I can't figure out why you would want to use a tab mark
here. If you just want an ampersand, the remedy is
simple: Just type `I\&' now. But if some right brace
up above has ended a previous alignment prematurely,
you're probably due for more error messages, and you
might try typing `S' now just to see what is salvageable.

! Misplaced alignment tab character &.
l.116 ...heck.pg</td></tr><tr><TD> path</TD><TD>=&
                                                  gt;</td><td>&nbsp;HASH(0x1...
I can't figure out why you would want to use a tab mark
here. If you just want an ampersand, the remedy is
simple: Just type `I\&' now. But if some right brace
up above has ended a previous alignment prematurely,
you're probably due for more error messages, and you
might try typing `S' now just to see what is salvageable.

! Misplaced alignment tab character &.
l.116 .../tr><tr><TD> path</TD><TD>=&gt;</td><td>&
                                                  nbsp;HASH(0x108b53398) <TA...
I can't figure out why you would want to use a tab mark
here. If you just want an ampersand, the remedy is
simple: Just type `I\&' now. But if some right brace
up above has ended a previous alignment prematurely,
you're probably due for more error messages, and you
might try typing `S' now just to see what is salvageable.

! You can't use `macro parameter character #' in math mode.
l.116 ...rder = "2" cellpadding = "3" BGCOLOR = "#
                                                  FFFFFF"><tr><TD> content</...
Sorry, but I'm not programmed to handle this case;
I'll just pretend that you didn't ask for it.
If you're in the wrong mode, you might be able to
return to the right one by typing `I}' or `I$' or `I\par'.

! Misplaced alignment tab character &.
l.116 ...R = "#FFFFFF"><tr><TD> content</TD><TD>=&
                                                  gt;</td><td>&nbsp;/Volumes...
I can't figure out why you would want to use a tab mark
here. If you just want an ampersand, the remedy is
simple: Just type `I\&' now. But if some right brace
up above has ended a previous alignment prematurely,
you're probably due for more error messages, and you
might try typing `S' now just to see what is salvageable.

! Misplaced alignment tab character &.
l.116 ...><tr><TD> content</TD><TD>=&gt;</td><td>&
                                                  nbsp;/Volumes/WW_test/opt/...
I can't figure out why you would want to use a tab mark
here. If you just want an ampersand, the remedy is
simple: Just type `I\&' now. But if some right brace
up above has ended a previous alignment prematurely,
you're probably due for more error messages, and you
might try typing `S' now just to see what is salvageable.

! Misplaced alignment tab character &.
l.116 ...td></tr><tr><TD> is_accessible</TD><TD>=&
                                                  gt;</td><td>&nbsp;0</td></...
I can't figure out why you would want to use a tab mark
here. If you just want an ampersand, the remedy is
simple: Just type `I\&' now. But if some right brace
up above has ended a previous alignment prematurely,
you're probably due for more error messages, and you
might try typing `S' now just to see what is salvageable.

! Misplaced alignment tab character &.
l.116 ...TD> is_accessible</TD><TD>=&gt;</td><td>&
                                                  nbsp;0</td></tr><tr><TD> i...
I can't figure out why you would want to use a tab mark
here. If you just want an ampersand, the remedy is
simple: Just type `I\&' now. But if some right brace
up above has ended a previous alignment prematurely,
you're probably due for more error messages, and you
might try typing `S' now just to see what is salvageable.

! Misplaced alignment tab character &.
l.116 ...</td></tr><tr><TD> is_complete</TD><TD>=&
                                                  gt;</td><td>&nbsp;1</td></...
I can't figure out why you would want to use a tab mark
here. If you just want an ampersand, the remedy is
simple: Just type `I\&' now. But if some right brace
up above has ended a previous alignment prematurely,
you're probably due for more error messages, and you
might try typing `S' now just to see what is salvageable.

! Misplaced alignment tab character &.
l.116 ...><TD> is_complete</TD><TD>=&gt;</td><td>&
                                                  nbsp;1</td></tr></table></...
I can't figure out why you would want to use a tab mark
here. If you just want an ampersand, the remedy is
simple: Just type `I\&' now. But if some right brace
up above has ended a previous alignment prematurely,
you're probably due for more error messages, and you
might try typing `S' now just to see what is salvageable.

! Misplaced alignment tab character &.
l.116 .../td></tr><tr><TD> recorded_uri</TD><TD>=&
                                                  gt;</td><td>&nbsp;</td></t...
I can't figure out why you would want to use a tab mark
here. If you just want an ampersand, the remedy is
simple: Just type `I\&' now. But if some right brace
up above has ended a previous alignment prematurely,
you're probably due for more error messages, and you
might try typing `S' now just to see what is salvageable.

! Misplaced alignment tab character &.
l.116 ...<TD> recorded_uri</TD><TD>=&gt;</td><td>&
                                                  nbsp;</td></tr><tr><TD> re...
I can't figure out why you would want to use a tab mark
here. If you just want an ampersand, the remedy is
simple: Just type `I\&' now. But if some right brace
up above has ended a previous alignment prematurely,
you're probably due for more error messages, and you
might try typing `S' now just to see what is salvageable.

! Misplaced alignment tab character &.
l.116 ...;</td></tr><tr><TD> return_uri</TD><TD>=&
                                                  gt;</td><td>&nbsp;</td></t...
I can't figure out why you would want to use a tab mark
here. If you just want an ampersand, the remedy is
simple: Just type `I\&' now. But if some right brace
up above has ended a previous alignment prematurely,
you're probably due for more error messages, and you
might try typing `S' now just to see what is salvageable.

! Misplaced alignment tab character &.
l.116 ...r><TD> return_uri</TD><TD>=&gt;</td><td>&
                                                  nbsp;</td></tr><tr><TD> ty...
I can't figure out why you would want to use a tab mark
here. If you just want an ampersand, the remedy is
simple: Just type `I\&' now. But if some right brace
up above has ended a previous alignment prematurely,
you're probably due for more error messages, and you
might try typing `S' now just to see what is salvageable.

! Misplaced alignment tab character &.
l.116 ...>&nbsp;</td></tr><tr><TD> type</TD><TD>=&
                                                  gt;</td><td>&nbsp;gif</td>...
I can't figure out why you would want to use a tab mark
here. If you just want an ampersand, the remedy is
simple: Just type `I\&' now. But if some right brace
up above has ended a previous alignment prematurely,
you're probably due for more error messages, and you
might try typing `S' now just to see what is salvageable.

! Misplaced alignment tab character &.
l.116 .../tr><tr><TD> type</TD><TD>=&gt;</td><td>&
                                                  nbsp;gif</td></tr><tr><TD>...
I can't figure out why you would want to use a tab mark
here. If you just want an ampersand, the remedy is
simple: Just type `I\&' now. But if some right brace
up above has ended a previous alignment prematurely,
you're probably due for more error messages, and you
might try typing `S' now just to see what is salvageable.

! Misplaced alignment tab character &.
l.116 ...if</td></tr><tr><TD> unique_id</TD><TD>=&
                                                  gt;</td><td>&nbsp;14d95a9e...
I can't figure out why you would want to use a tab mark
here. If you just want an ampersand, the remedy is
simple: Just type `I\&' now. But if some right brace
up above has ended a previous alignment prematurely,
you're probably due for more error messages, and you
might try typing `S' now just to see what is salvageable.

! Misplaced alignment tab character &.
l.116 ...tr><TD> unique_id</TD><TD>=&gt;</td><td>&
                                                  nbsp;14d95a9e-f484-3f4b-9c...
I can't figure out why you would want to use a tab mark
here. If you just want an ampersand, the remedy is
simple: Just type `I\&' now. But if some right brace
up above has ended a previous alignment prematurely,
you're probably due for more error messages, and you
might try typing `S' now just to see what is salvageable.

! Missing { inserted.
<to be read again> 
                   _
l.116 ...sp;14d95a9e-f484-3f4b-9c07-55615f08780f__
                                                  _76db5f5a-d18a-301e-be67-a...
A left brace was mandatory here, so I've put one in.
You might want to delete and/or insert some corrections
so that I will find a matching right brace soon.
(If you're confused by all this, try typing `I}' now.)

! Missing { inserted.
<to be read again> 
                   _
l.116 ...p;14d95a9e-f484-3f4b-9c07-55615f08780f___
                                                  76db5f5a-d18a-301e-be67-af...
A left brace was mandatory here, so I've put one in.
You might want to delete and/or insert some corrections
so that I will find a matching right brace soon.
(If you're confused by all this, try typing `I}' now.)

! Misplaced alignment tab character &.
l.116 ...69dc1a5b</td></tr><tr><TD> uri</TD><TD>=&
                                                  gt;</td><td>&nbsp;HASH(0x1...
I can't figure out why you would want to use a tab mark
here. If you just want an ampersand, the remedy is
simple: Just type `I\&' now. But if some right brace
up above has ended a previous alignment prematurely,
you're probably due for more error messages, and you
might try typing `S' now just to see what is salvageable.

! Misplaced alignment tab character &.
l.116 ...</tr><tr><TD> uri</TD><TD>=&gt;</td><td>&
                                                  nbsp;HASH(0x108b534a0) <TA...
I can't figure out why you would want to use a tab mark
here. If you just want an ampersand, the remedy is
simple: Just type `I\&' now. But if some right brace
up above has ended a previous alignment prematurely,
you're probably due for more error messages, and you
might try typing `S' now just to see what is salvageable.

! You can't use `macro parameter character #' in math mode.
l.116 ...rder = "2" cellpadding = "3" BGCOLOR = "#
                                                  FFFFFF"><tr><TD> content</...
Sorry, but I'm not programmed to handle this case;
I'll just pretend that you didn't ask for it.
If you're in the wrong mode, you might be able to
return to the right one by typing `I}' or `I$' or `I\par'.

! Misplaced alignment tab character &.
l.116 ...R = "#FFFFFF"><tr><TD> content</TD><TD>=&
                                                  gt;</td><td>&nbsp;/Volumes...
I can't figure out why you would want to use a tab mark
here. If you just want an ampersand, the remedy is
simple: Just type `I\&' now. But if some right brace
up above has ended a previous alignment prematurely,
you're probably due for more error messages, and you
might try typing `S' now just to see what is salvageable.

! Misplaced alignment tab character &.
l.116 ...><tr><TD> content</TD><TD>=&gt;</td><td>&
                                                  nbsp;/Volumes/WW_test/opt/...
I can't figure out why you would want to use a tab mark
here. If you just want an ampersand, the remedy is
simple: Just type `I\&' now. But if some right brace
up above has ended a previous alignment prematurely,
you're probably due for more error messages, and you
might try typing `S' now just to see what is salvageable.

! Missing { inserted.
<to be read again> 
                   _
l.116 ...es/14d95a9e-f484-3f4b-9c07-55615f08780f__
                                                  _76db5f5a-d18a-301e-be67-a...
A left brace was mandatory here, so I've put one in.
You might want to delete and/or insert some corrections
so that I will find a matching right brace soon.
(If you're confused by all this, try typing `I}' now.)

! Missing { inserted.
<to be read again> 
                   _
l.116 ...s/14d95a9e-f484-3f4b-9c07-55615f08780f___
                                                  76db5f5a-d18a-301e-be67-af...
A left brace was mandatory here, so I've put one in.
You might want to delete and/or insert some corrections
so that I will find a matching right brace soon.
(If you're confused by all this, try typing `I}' now.)

! Misplaced alignment tab character &.
l.116 ...td></tr><tr><TD> is_accessible</TD><TD>=&
                                                  gt;</td><td>&nbsp;1</td></...
I can't figure out why you would want to use a tab mark
here. If you just want an ampersand, the remedy is
simple: Just type `I\&' now. But if some right brace
up above has ended a previous alignment prematurely,
you're probably due for more error messages, and you
might try typing `S' now just to see what is salvageable.

! Misplaced alignment tab character &.
l.116 ...TD> is_accessible</TD><TD>=&gt;</td><td>&
                                                  nbsp;1</td></tr><tr><TD> i...
I can't figure out why you would want to use a tab mark
here. If you just want an ampersand, the remedy is
simple: Just type `I\&' now. But if some right brace
up above has ended a previous alignment prematurely,
you're probably due for more error messages, and you
might try typing `S' now just to see what is salvageable.

! Misplaced alignment tab character &.
l.116 ...</td></tr><tr><TD> is_complete</TD><TD>=&
                                                  gt;</td><td>&nbsp;1</td></...
I can't figure out why you would want to use a tab mark
here. If you just want an ampersand, the remedy is
simple: Just type `I\&' now. But if some right brace
up above has ended a previous alignment prematurely,
you're probably due for more error messages, and you
might try typing `S' now just to see what is salvageable.

! Misplaced alignment tab character &.
l.116 ...><TD> is_complete</TD><TD>=&gt;</td><td>&
                                                  nbsp;1</td></tr></table></...
I can't figure out why you would want to use a tab mark
here. If you just want an ampersand, the remedy is
simple: Just type `I\&' now. But if some right brace
up above has ended a previous alignment prematurely,
you're probably due for more error messages, and you
might try typing `S' now just to see what is salvageable.

! Missing $ inserted.
<inserted text> 
                $
l.131 
      
I've inserted a begin-math/end-math symbol since I think
you left one out. Proceed, with fingers crossed.

! Missing } inserted.
<inserted text> 
                }
l.131 
      
I've inserted something that you may have forgotten.
(See the <inserted text> above.)
With luck, this will get me unwedged. But if you
really didn't forget anything, try typing `2' now; then
my insertion and my current dilemma will both disappear.

! Missing } inserted.
<inserted text> 
                }
l.131 
      
I've inserted something that you may have forgotten.
(See the <inserted text> above.)
With luck, this will get me unwedged. But if you
really didn't forget anything, try typing `2' now; then
my insertion and my current dilemma will both disappear.

! Missing } inserted.
<inserted text> 
                }
l.131 
      
I've inserted something that you may have forgotten.
(See the <inserted text> above.)
With luck, this will get me unwedged. But if you
really didn't forget anything, try typing `2' now; then
my insertion and my current dilemma will both disappear.

! Missing } inserted.
<inserted text> 
                }
l.131 
      
I've inserted something that you may have forgotten.
(See the <inserted text> above.)
With luck, this will get me unwedged. But if you
really didn't forget anything, try typing `2' now; then
my insertion and my current dilemma will both disappear.


Underfull \hbox (badness 5954) in paragraph at lines 116--131
[]\OT1/ptm/m/n/10 testHASH(0x1088101e0) <TA-BLE bor-der = "2" cell-
 []


Underfull \hbox (badness 10000) in paragraph at lines 116--131
\OT1/ptm/m/n/10 padding = "3" BG-COLOR = "FFFFFF"><tr><TD>
 []


Overfull \hbox (32.19867pt too wide) in paragraph at lines 116--131
\OT1/ptm/m/n/10 prob14</TD><TD>=gt;</td><td>nbsp;PGresource=HASH(0x108b53698)
 []


Underfull \hbox (badness 10000) in paragraph at lines 116--131
\OML/ptmcm/m/it/10 TABLEborder \OT1/ptmcm/m/n/10 = "2"\OML/ptmcm/m/it/10 cellpa
dding \OT1/ptmcm/m/n/10 = "3"\OML/ptmcm/m/it/10 BGCOLOR \OT1/ptmcm/m/n/10 =
 []


Underfull \hbox (badness 10000) in paragraph at lines 116--131
\OT1/ptmcm/m/n/10 "\OML/ptmcm/m/it/10 FFFFFF\OT1/ptmcm/m/n/10 " \OML/ptmcm/m/it
/10 >< =table >< =td >< =tr >< tr ><
 []


Underfull \hbox (badness 10000) in paragraph at lines 116--131
\OML/ptmcm/m/it/10 TD > convert < =TD >< TD >\OT1/ptmcm/m/n/10 = \OML/ptmcm/m/i
t/10 gt\OT1/ptmcm/m/n/10 ; \OML/ptmcm/m/it/10 < =td ><
 []


Underfull \hbox (badness 10000) in paragraph at lines 116--131
\OML/ptmcm/m/it/10 td > nbsp\OT1/ptmcm/m/n/10 ; \OML/ptmcm/m/it/10 HASH\OT1/ptm
cm/m/n/10 (0\OML/ptmcm/m/it/10 x\OT1/ptmcm/m/n/10 108\OML/ptmcm/m/it/10 b\OT1/p
tmcm/m/n/10 53518) \OML/ptmcm/m/it/10 < TABLEborder \OT1/ptmcm/m/n/10 =
 []


Overfull \hbox (241.98222pt too wide) in paragraph at lines 116--131
\OML/ptmcm/m/it/10 nbsp\OT1/ptmcm/m/n/10 ; \OML/ptmcm/m/it/10 =Volumes=WW[]est=
opt=webwork=courses=gage[]est=templates=local=setaliasCheck=htmlAliasCheck=prob
\OT1/ptmcm/m/n/10 14\OML/ptmcm/m/it/10 :gif <
 []


Underfull \hbox (badness 10000) in paragraph at lines 116--131
\OML/ptmcm/m/it/10 =td >< =tr >< tr >< TD > from[]ype < =TD ><
 []


Underfull \hbox (badness 10000) in paragraph at lines 116--131
\OML/ptmcm/m/it/10 TD >\OT1/ptmcm/m/n/10 = \OML/ptmcm/m/it/10 gt\OT1/ptmcm/m/n/
10 ; \OML/ptmcm/m/it/10 < =td >< td > nbsp\OT1/ptmcm/m/n/10 ; \OML/ptmcm/m/it/1
0 gif < =td ><
 []


Underfull \hbox (badness 10000) in paragraph at lines 116--131
\OML/ptmcm/m/it/10 =tr >< tr >< TD > needed < =TD >< TD >\OT1/ptmcm/m/n/10 =
 []


Underfull \hbox (badness 10000) in paragraph at lines 116--131
\OML/ptmcm/m/it/10 gt\OT1/ptmcm/m/n/10 ; \OML/ptmcm/m/it/10 < =td >< td > nbsp\
OT1/ptmcm/m/n/10 ; 1 \OML/ptmcm/m/it/10 < =td >< =tr >< tr ><
 []


Underfull \hbox (badness 7273) in paragraph at lines 116--131
\OML/ptmcm/m/it/10 TD > to[]ath < =TD >< TD >\OT1/ptmcm/m/n/10 = \OML/ptmcm/m/i
t/10 gt\OT1/ptmcm/m/n/10 ; \OML/ptmcm/m/it/10 < =td >< td >
 []


Overfull \hbox (111.31195pt too wide) in paragraph at lines 116--131
\OML/ptmcm/m/it/10 nbsp\OT1/ptmcm/m/n/10 ; \OML/ptmcm/m/it/10 =Volumes=WW[]est=
opt=webwork=courses=gage[]est=html=tmp=images=\OT1/ptmcm/m/n/10 14\OML/ptmcm/m/
it/10 d\OT1/ptmcm/m/n/10 95\OML/ptmcm/m/it/10 a\OT1/ptmcm/m/n/10 9\OML/ptmcm/m/
it/10 e \OMS/pzccm/m/n/10 ^^@
 []


Overfull \hbox (1702.96706pt too wide) in paragraph at lines 116--131
\OML/ptmcm/m/it/10 f\OT1/ptmcm/m/n/10 484 \OMS/pzccm/m/n/10 ^^@ \OT1/ptmcm/m/n/
10 3\OML/ptmcm/m/it/10 f\OT1/ptmcm/m/n/10 4\OML/ptmcm/m/it/10 b \OMS/pzccm/m/n/
10 ^^@ \OT1/ptmcm/m/n/10 9\OML/ptmcm/m/it/10 c\OT1/ptmcm/m/n/10 07 \OMS/pzccm/m
/n/10 ^^@ \OT1/ptmcm/m/n/10 55615\OML/ptmcm/m/it/10 f\OT1/ptmcm/m/n/10 08780\OM
L/ptmcm/m/it/10 f[]$\OT1/ptm/m/n/10 PG-
 []


Underfull \hbox (badness 10000) in paragraph at lines 116--131
\OML/ptmcm/m/it/10 parent[]ile[]d < =TD >< TD >\OT1/ptmcm/m/n/10 = \OML/ptmcm/m
/it/10 gt\OT1/ptmcm/m/n/10 ; \OML/ptmcm/m/it/10 < =td >< td >
 []


Overfull \hbox (13.59424pt too wide) in paragraph at lines 116--131
\OML/ptmcm/m/it/10 nbsp\OT1/ptmcm/m/n/10 ; \OML/ptmcm/m/it/10 local=setaliasChe
ck=htmlAliasCheck=htmlAliasCheck:pg <
 []


Underfull \hbox (badness 5331) in paragraph at lines 116--131
\OML/ptmcm/m/it/10 TD > content < =TD >< TD >\OT1/ptmcm/m/n/10 = \OML/ptmcm/m/i
t/10 gt\OT1/ptmcm/m/n/10 ; \OML/ptmcm/m/it/10 < =td >< td >
 []


Overfull \hbox (241.98222pt too wide) in paragraph at lines 116--131
\OML/ptmcm/m/it/10 nbsp\OT1/ptmcm/m/n/10 ; \OML/ptmcm/m/it/10 =Volumes=WW[]est=
opt=webwork=courses=gage[]est=templates=local=setaliasCheck=htmlAliasCheck=prob
\OT1/ptmcm/m/n/10 14\OML/ptmcm/m/it/10 :gif <
 []


Overfull \hbox (1435.99312pt too wide) in paragraph at lines 116--131
\OT1/ptmcm/m/n/10 55615\OML/ptmcm/m/it/10 f\OT1/ptmcm/m/n/10 08780\OML/ptmcm/m/
it/10 f[]$ 
 []

! Missing } inserted.
<inserted text> 
                }
l.183  \end{multicols}
                      
I've inserted something that you may have forgotten.
(See the <inserted text> above.)
With luck, this will get me unwedged. But if you
really didn't forget anything, try typing `2' now; then
my insertion and my current dilemma will both disappear.

LaTeX Font Info:    Font shape `OMS/ptm/m/n' in size <6> not available
(Font)              Font shape `OMS/pzccm/m/n' tried instead on input line 186.

[1{/Volumes/WW_test/opt/local/texlive/2010/texmf-var/fonts/map/pdftex/updmap/pd
ftex.map} </Volumes/WW_test/opt/webwork/courses/gage_test/html/tmp/images/14d95
a9e-f484-3f4b-9c07-55615f08780f___76db5f5a-d18a-301e-be67-af9269dc1a5b.png (PNG
 copy)>] (./hardcopy.aux) ) 
Here is how much of TeX's memory you used:
 3154 strings out of 495031
 42616 string characters out of 3179842
 117135 words of memory out of 3000000
 6115 multiletter control sequences out of 15000+200000
 36076 words of font info for 78 fonts, out of 3000000 for 9000
 197 hyphenation exceptions out of 8191
 41i,5n,26p,3052b,206s stack positions out of 5000i,500n,10000p,200000b,50000s
{/Volumes/WW_test/opt/local/texlive/2010/texmf-dist/
fonts/enc/dvips/base/8r.enc}</Volumes/WW_test/opt/local/texlive/2010/texmf-dist
/fonts/type1/public/amsfonts/cm/cmmi10.pfb></Volumes/WW_test/opt/local/texlive/
2010/texmf-dist/fonts/type1/public/amsfonts/cm/cmr10.pfb></Volumes/WW_test/opt/
local/texlive/2010/texmf-dist/fonts/type1/public/amsfonts/cm/cmsy10.pfb></Volum
es/WW_test/opt/local/texlive/2010/texmf-dist/fonts/type1/urw/times/utmb8a.pfb><
/Volumes/WW_test/opt/local/texlive/2010/texmf-dist/fonts/type1/urw/times/utmr8a
.pfb></Volumes/WW_test/opt/local/texlive/2010/texmf-dist/fonts/type1/urw/times/
utmri8a.pfb>
Output written on hardcopy.pdf (1 page, 72568 bytes).
PDF statistics:
 35 PDF objects out of 1000 (max. 8388607)
 23 compressed objects within 1 object stream
 0 named destinations out of 1000 (max. 500000)
 6 words of extra memory for PDF output out of 10000 (max. 10000000)

